 INFO: nweb starting:8181:7964
 INFO: request:GET / HTTP/1.1**Host: localhost:8181**Connection: keep-alive**Cache-Control: max-age=0**Upgrade-Insecure-Requests: 1**User-Agent: Mozilla/5.0 (X11; Linux x86_64) AppleWebKit/537.36 (KHTML, like Gecko) Ubuntu Chromium/61.0.3163.79 Chrome/61.0.3163.79 Safari/537.36**Accept: text/html,application/xhtml+xml,application/xml;q=0.9,image/webp,image/apng,*/*;q=0.8**Accept-Encoding: gzip, deflate, br**Accept-Language: ru-RU,ru;q=0.8,en-US;q=0.6,en;q=0.4****:1
NOT FOUND: failed to open file:index.html
 INFO: request:GET /favicon.ico HTTP/1.1**Host: localhost:8181**Connection: keep-alive**User-Agent: Mozilla/5.0 (X11; Linux x86_64) AppleWebKit/537.36 (KHTML, like Gecko) Ubuntu Chromium/61.0.3163.79 Chrome/61.0.3163.79 Safari/537.36**Accept: image/webp,image/apng,image/*,*/*;q=0.8**Referer: http://localhost:8181/**Accept-Encoding: gzip, deflate, br**Accept-Language: ru-RU,ru;q=0.8,en-US;q=0.6,en;q=0.4****:2
NOT FOUND: failed to open file:favicon.ico
 INFO: request:GET /test.jpeg HTTP/1.1**Host: localhost:8181**Connection: keep-alive**Upgrade-Insecure-Requests: 1**User-Agent: Mozilla/5.0 (X11; Linux x86_64) AppleWebKit/537.36 (KHTML, like Gecko) Ubuntu Chromium/61.0.3163.79 Chrome/61.0.3163.79 Safari/537.36**Accept: text/html,application/xhtml+xml,application/xml;q=0.9,image/webp,image/apng,*/*;q=0.8**Accept-Encoding: gzip, deflate, br**Accept-Language: ru-RU,ru;q=0.8,en-US;q=0.6,en;q=0.4****:3
NOT FOUND: failed to open file:test.jpeg
 INFO: request:GET /test.jpg HTTP/1.1**Host: localhost:8181**Connection: keep-alive**Upgrade-Insecure-Requests: 1**User-Agent: Mozilla/5.0 (X11; Linux x86_64) AppleWebKit/537.36 (KHTML, like Gecko) Ubuntu Chromium/61.0.3163.79 Chrome/61.0.3163.79 Safari/537.36**Accept: text/html,application/xhtml+xml,application/xml;q=0.9,image/webp,image/apng,*/*;q=0.8**Accept-Encoding: gzip, deflate, br**Accept-Language: ru-RU,ru;q=0.8,en-US;q=0.6,en;q=0.4****:4
NOT FOUND: failed to open file:test.jpg
FORBIDDEN: failed to read browser request:
FORBIDDEN: failed to read browser request:
 INFO: request:GET /images/test.jpg HTTP/1.1**Host: localhost:8181**Connection: keep-alive**Upgrade-Insecure-Requests: 1**User-Agent: Mozilla/5.0 (X11; Linux x86_64) AppleWebKit/537.36 (KHTML, like Gecko) Ubuntu Chromium/61.0.3163.79 Chrome/61.0.3163.79 Safari/537.36**Accept: text/html,application/xhtml+xml,application/xml;q=0.9,image/webp,image/apng,*/*;q=0.8**Accept-Encoding: gzip, deflate, br**Accept-Language: ru-RU,ru;q=0.8,en-US;q=0.6,en;q=0.4****:7
 INFO: SEND:images/test.jpg:7
 INFO: Header:HTTP/1.1 200 OK
Server: nweb/23.0
Content-Length: 1505979
Connection: close
Content-Type: image/jpg

:7
FORBIDDEN: failed to read browser request:
FORBIDDEN: failed to read browser request:
 INFO: request:GET /images/test.jpg HTTP/1.1**Host: localhost:8181**Connection: keep-alive**Cache-Control: max-age=0**Upgrade-Insecure-Requests: 1**User-Agent: Mozilla/5.0 (X11; Linux x86_64) AppleWebKit/537.36 (KHTML, like Gecko) Ubuntu Chromium/61.0.3163.79 Chrome/61.0.3163.79 Safari/537.36**Accept: text/html,application/xhtml+xml,application/xml;q=0.9,image/webp,image/apng,*/*;q=0.8**Accept-Encoding: gzip, deflate, br**Accept-Language: ru-RU,ru;q=0.8,en-US;q=0.6,en;q=0.4****:10
 INFO: SEND:images/test.jpg:10
 INFO: Header:HTTP/1.1 200 OK
Server: nweb/23.0
Content-Length: 1505979
Connection: close
Content-Type: image/jpg

:10
 INFO: request:GET /images/test.jpg1 HTTP/1.1**Host: localhost:8181**Connection: keep-alive**Upgrade-Insecure-Requests: 1**User-Agent: Mozilla/5.0 (X11; Linux x86_64) AppleWebKit/537.36 (KHTML, like Gecko) Ubuntu Chromium/61.0.3163.79 Chrome/61.0.3163.79 Safari/537.36**Accept: text/html,application/xhtml+xml,application/xml;q=0.9,image/webp,image/apng,*/*;q=0.8**Accept-Encoding: gzip, deflate, br**Accept-Language: ru-RU,ru;q=0.8,en-US;q=0.6,en;q=0.4****:11
FORBIDDEN: file extension type not supported:GET /images/test.jpg1
 INFO: request:GET /images/test.jpg HTTP/1.1**Host: localhost:8181**Connection: keep-alive**Upgrade-Insecure-Requests: 1**User-Agent: Mozilla/5.0 (X11; Linux x86_64) AppleWebKit/537.36 (KHTML, like Gecko) Ubuntu Chromium/61.0.3163.79 Chrome/61.0.3163.79 Safari/537.36**Accept: text/html,application/xhtml+xml,application/xml;q=0.9,image/webp,image/apng,*/*;q=0.8**Accept-Encoding: gzip, deflate, br**Accept-Language: ru-RU,ru;q=0.8,en-US;q=0.6,en;q=0.4****:12
 INFO: SEND:images/test.jpg:12
 INFO: Header:HTTP/1.1 200 OK
Server: nweb/23.0
Content-Length: 1505979
Connection: close
Content-Type: image/jpg

:12
 INFO: nweb starting:8181:9586
ERROR: system call:bind Errno=98 exiting pid=9586
 INFO: nweb starting:8181:9604
ERROR: system call:bind Errno=98 exiting pid=9604
 INFO: nweb starting:8181:9620
 INFO: request:GET /images/test.jpg HTTP/1.1**Host: localhost:8181**Connection: keep-alive**Cache-Control: max-age=0**Upgrade-Insecure-Requests: 1**User-Agent: Mozilla/5.0 (X11; Linux x86_64) AppleWebKit/537.36 (KHTML, like Gecko) Ubuntu Chromium/61.0.3163.79 Chrome/61.0.3163.79 Safari/537.36**Accept: text/html,application/xhtml+xml,application/xml;q=0.9,image/webp,image/apng,*/*;q=0.8**Accept-Encoding: gzip, deflate, br**Accept-Language: ru-RU,ru;q=0.8,en-US;q=0.6,en;q=0.4****:1
 INFO: SEND:images/test.jpg:1
 INFO: Header:HTTP/1.1 200 OK
Server: nweb/23.0
Content-Length: 1505979
Connection: close
Content-Type: image/jpg

:1
 INFO: request:GET /images/test.jpg HTTP/1.1**Host: localhost:8181**Connection: keep-alive**Cache-Control: max-age=0**Upgrade-Insecure-Requests: 1**User-Agent: Mozilla/5.0 (X11; Linux x86_64) AppleWebKit/537.36 (KHTML, like Gecko) Ubuntu Chromium/61.0.3163.79 Chrome/61.0.3163.79 Safari/537.36**Accept: text/html,application/xhtml+xml,application/xml;q=0.9,image/webp,image/apng,*/*;q=0.8**Accept-Encoding: gzip, deflate, br**Accept-Language: ru-RU,ru;q=0.8,en-US;q=0.6,en;q=0.4****:2
 INFO: SEND:images/test.jpg:2
 INFO: Header:HTTP/1.1 200 OK
Server: nweb/23.0
Content-Length: 1505979
Connection: close
Content-Type: image/jpg

:2
 INFO: nweb starting:8181:9706
 INFO: nweb starting:8181:9730
 INFO: nweb starting:8181:10001
 INFO: request:GET /foo/bar.json HTTP/1.1**Host: localhost:8181**Connection: keep-alive**Upgrade-Insecure-Requests: 1**User-Agent: Mozilla/5.0 (X11; Linux x86_64) AppleWebKit/537.36 (KHTML, like Gecko) Ubuntu Chromium/61.0.3163.79 Chrome/61.0.3163.79 Safari/537.36**Accept: text/html,application/xhtml+xml,application/xml;q=0.9,image/webp,image/apng,*/*;q=0.8**Accept-Encoding: gzip, deflate, br**Accept-Language: ru-RU,ru;q=0.8,en-US;q=0.6,en;q=0.4****:1
 INFO: SEND:foo/bar.json:1
 INFO: Header:HTTP/1.1 200 OK
Server: nweb/23.0
Content-Length: 583
Connection: close
Content-Type: foo/json

:1
 INFO: nweb starting:8181:12824
 INFO: request:GET /images/test.jpg HTTP/1.1**Host: localhost:8181**Connection: keep-alive**Upgrade-Insecure-Requests: 1**User-Agent: Mozilla/5.0 (X11; Linux x86_64) AppleWebKit/537.36 (KHTML, like Gecko) Ubuntu Chromium/61.0.3163.79 Chrome/61.0.3163.79 Safari/537.36**Accept: text/html,application/xhtml+xml,application/xml;q=0.9,image/webp,image/apng,*/*;q=0.8**Accept-Encoding: gzip, deflate, br**Accept-Language: ru-RU,ru;q=0.8,en-US;q=0.6,en;q=0.4****:1
FORBIDDEN: file extension type not supported:GET /images/test.jpg
 INFO: nweb starting:8181:12873
ERROR: system call:bind Errno=98 exiting pid=12873
 INFO: request:GET /images/test.jpg HTTP/1.1**Host: localhost:8181**Connection: keep-alive**Cache-Control: max-age=0**Upgrade-Insecure-Requests: 1**User-Agent: Mozilla/5.0 (X11; Linux x86_64) AppleWebKit/537.36 (KHTML, like Gecko) Ubuntu Chromium/61.0.3163.79 Chrome/61.0.3163.79 Safari/537.36**Accept: text/html,application/xhtml+xml,application/xml;q=0.9,image/webp,image/apng,*/*;q=0.8**Accept-Encoding: gzip, deflate, br**Accept-Language: ru-RU,ru;q=0.8,en-US;q=0.6,en;q=0.4****:2
FORBIDDEN: file extension type not supported:GET /images/test.jpg
FORBIDDEN: failed to read browser request:
 INFO: request:GET /foo/test.jpg HTTP/1.1**Host: localhost:8181**Connection: keep-alive**Upgrade-Insecure-Requests: 1**User-Agent: Mozilla/5.0 (X11; Linux x86_64) AppleWebKit/537.36 (KHTML, like Gecko) Ubuntu Chromium/61.0.3163.79 Chrome/61.0.3163.79 Safari/537.36**Accept: text/html,application/xhtml+xml,application/xml;q=0.9,image/webp,image/apng,*/*;q=0.8**Accept-Encoding: gzip, deflate, br**Accept-Language: ru-RU,ru;q=0.8,en-US;q=0.6,en;q=0.4****:4
FORBIDDEN: file extension type not supported:GET /foo/test.jpg
FORBIDDEN: failed to read browser request:
 INFO: request:GET /foo/test.jpg HTTP/1.1**Host: localhost:8181**Connection: keep-alive**Cache-Control: max-age=0**Upgrade-Insecure-Requests: 1**User-Agent: Mozilla/5.0 (X11; Linux x86_64) AppleWebKit/537.36 (KHTML, like Gecko) Ubuntu Chromium/61.0.3163.79 Chrome/61.0.3163.79 Safari/537.36**Accept: text/html,application/xhtml+xml,application/xml;q=0.9,image/webp,image/apng,*/*;q=0.8**Accept-Encoding: gzip, deflate, br**Accept-Language: ru-RU,ru;q=0.8,en-US;q=0.6,en;q=0.4****:6
FORBIDDEN: file extension type not supported:GET /foo/test.jpg
 INFO: nweb starting:8181:12974
ERROR: system call:bind Errno=98 exiting pid=12974
FORBIDDEN: failed to read browser request:
 INFO: request:GET /foo/test.jpg HTTP/1.1**Host: localhost:8181**Connection: keep-alive**Cache-Control: max-age=0**Upgrade-Insecure-Requests: 1**User-Agent: Mozilla/5.0 (X11; Linux x86_64) AppleWebKit/537.36 (KHTML, like Gecko) Ubuntu Chromium/61.0.3163.79 Chrome/61.0.3163.79 Safari/537.36**Accept: text/html,application/xhtml+xml,application/xml;q=0.9,image/webp,image/apng,*/*;q=0.8**Accept-Encoding: gzip, deflate, br**Accept-Language: ru-RU,ru;q=0.8,en-US;q=0.6,en;q=0.4****:8
FORBIDDEN: file extension type not supported:GET /foo/test.jpg
FORBIDDEN: failed to read browser request:
 INFO: request:GET /foo/test.jpeg HTTP/1.1**Host: localhost:8181**Connection: keep-alive**Upgrade-Insecure-Requests: 1**User-Agent: Mozilla/5.0 (X11; Linux x86_64) AppleWebKit/537.36 (KHTML, like Gecko) Ubuntu Chromium/61.0.3163.79 Chrome/61.0.3163.79 Safari/537.36**Accept: text/html,application/xhtml+xml,application/xml;q=0.9,image/webp,image/apng,*/*;q=0.8**Accept-Encoding: gzip, deflate, br**Accept-Language: ru-RU,ru;q=0.8,en-US;q=0.6,en;q=0.4****:10
FORBIDDEN: file extension type not supported:GET /foo/test.jpeg
FORBIDDEN: failed to read browser request:
 INFO: request:GET /foo/test.jpeg HTTP/1.1**Host: localhost:8181**Connection: keep-alive**Cache-Control: max-age=0**Upgrade-Insecure-Requests: 1**User-Agent: Mozilla/5.0 (X11; Linux x86_64) AppleWebKit/537.36 (KHTML, like Gecko) Ubuntu Chromium/61.0.3163.79 Chrome/61.0.3163.79 Safari/537.36**Accept: text/html,application/xhtml+xml,application/xml;q=0.9,image/webp,image/apng,*/*;q=0.8**Accept-Encoding: gzip, deflate, br**Accept-Language: ru-RU,ru;q=0.8,en-US;q=0.6,en;q=0.4****:12
FORBIDDEN: file extension type not supported:GET /foo/test.jpeg
 INFO: request:GET /foo/test.jpeg HTTP/1.1**Host: localhost:8181**Connection: keep-alive**Cache-Control: max-age=0**Upgrade-Insecure-Requests: 1**User-Agent: Mozilla/5.0 (X11; Linux x86_64) AppleWebKit/537.36 (KHTML, like Gecko) Ubuntu Chromium/61.0.3163.79 Chrome/61.0.3163.79 Safari/537.36**Accept: text/html,application/xhtml+xml,application/xml;q=0.9,image/webp,image/apng,*/*;q=0.8**Accept-Encoding: gzip, deflate, br**Accept-Language: ru-RU,ru;q=0.8,en-US;q=0.6,en;q=0.4****:13
FORBIDDEN: file extension type not supported:GET /foo/test.jpeg
 INFO: nweb starting:8181:13016
ERROR: system call:bind Errno=98 exiting pid=13016
FORBIDDEN: failed to read browser request:
 INFO: request:GET /foo/test.jpeg HTTP/1.1**Host: localhost:8181**Connection: keep-alive**Cache-Control: max-age=0**Upgrade-Insecure-Requests: 1**User-Agent: Mozilla/5.0 (X11; Linux x86_64) AppleWebKit/537.36 (KHTML, like Gecko) Ubuntu Chromium/61.0.3163.79 Chrome/61.0.3163.79 Safari/537.36**Accept: text/html,application/xhtml+xml,application/xml;q=0.9,image/webp,image/apng,*/*;q=0.8**Accept-Encoding: gzip, deflate, br**Accept-Language: ru-RU,ru;q=0.8,en-US;q=0.6,en;q=0.4****:15
FORBIDDEN: file extension type not supported:GET /foo/test.jpeg
FORBIDDEN: failed to read browser request:
 INFO: request:GET /foo/test.jpeg HTTP/1.1**Host: localhost:8181**Connection: keep-alive**Cache-Control: max-age=0**Upgrade-Insecure-Requests: 1**User-Agent: Mozilla/5.0 (X11; Linux x86_64) AppleWebKit/537.36 (KHTML, like Gecko) Ubuntu Chromium/61.0.3163.79 Chrome/61.0.3163.79 Safari/537.36**Accept: text/html,application/xhtml+xml,application/xml;q=0.9,image/webp,image/apng,*/*;q=0.8**Accept-Encoding: gzip, deflate, br**Accept-Language: ru-RU,ru;q=0.8,en-US;q=0.6,en;q=0.4****:17
FORBIDDEN: file extension type not supported:GET /foo/test.jpeg
FORBIDDEN: failed to read browser request:
 INFO: request:GET /foo/bar.json HTTP/1.1**Host: localhost:8181**Connection: keep-alive**Upgrade-Insecure-Requests: 1**User-Agent: Mozilla/5.0 (X11; Linux x86_64) AppleWebKit/537.36 (KHTML, like Gecko) Ubuntu Chromium/61.0.3163.79 Chrome/61.0.3163.79 Safari/537.36**Accept: text/html,application/xhtml+xml,application/xml;q=0.9,image/webp,image/apng,*/*;q=0.8**Accept-Encoding: gzip, deflate, br**Accept-Language: ru-RU,ru;q=0.8,en-US;q=0.6,en;q=0.4****:19
 INFO: SEND:foo/bar.json:19
 INFO: Header:HTTP/1.1 200 OK
Server: nweb/23.0
Content-Length: 583
Connection: close
Content-Type: foo/json

:19
FORBIDDEN: failed to read browser request:
 INFO: request:GET /image/test.png HTTP/1.1**Host: localhost:8181**Connection: keep-alive**Upgrade-Insecure-Requests: 1**User-Agent: Mozilla/5.0 (X11; Linux x86_64) AppleWebKit/537.36 (KHTML, like Gecko) Ubuntu Chromium/61.0.3163.79 Chrome/61.0.3163.79 Safari/537.36**Accept: text/html,application/xhtml+xml,application/xml;q=0.9,image/webp,image/apng,*/*;q=0.8**Accept-Encoding: gzip, deflate, br**Accept-Language: ru-RU,ru;q=0.8,en-US;q=0.6,en;q=0.4****:21
FORBIDDEN: file extension type not supported:GET /image/test.png
FORBIDDEN: failed to read browser request:
 INFO: request:GET /image/test.png HTTP/1.1**Host: localhost:8181**Connection: keep-alive**Cache-Control: max-age=0**Upgrade-Insecure-Requests: 1**User-Agent: Mozilla/5.0 (X11; Linux x86_64) AppleWebKit/537.36 (KHTML, like Gecko) Ubuntu Chromium/61.0.3163.79 Chrome/61.0.3163.79 Safari/537.36**Accept: text/html,application/xhtml+xml,application/xml;q=0.9,image/webp,image/apng,*/*;q=0.8**Accept-Encoding: gzip, deflate, br**Accept-Language: ru-RU,ru;q=0.8,en-US;q=0.6,en;q=0.4****:23
FORBIDDEN: file extension type not supported:GET /image/test.png
FORBIDDEN: failed to read browser request:
 INFO: nweb starting:8181:13201
ERROR: system call:bind Errno=98 exiting pid=13201
 INFO: request:GET /image/test.png HTTP/1.1**Host: localhost:8181**Connection: keep-alive**Cache-Control: max-age=0**Upgrade-Insecure-Requests: 1**User-Agent: Mozilla/5.0 (X11; Linux x86_64) AppleWebKit/537.36 (KHTML, like Gecko) Ubuntu Chromium/61.0.3163.79 Chrome/61.0.3163.79 Safari/537.36**Accept: text/html,application/xhtml+xml,application/xml;q=0.9,image/webp,image/apng,*/*;q=0.8**Accept-Encoding: gzip, deflate, br**Accept-Language: ru-RU,ru;q=0.8,en-US;q=0.6,en;q=0.4****:25
FORBIDDEN: file extension type not supported:GET /image/test.png
FORBIDDEN: failed to read browser request:
 INFO: nweb starting:8181:13244
ERROR: system call:bind Errno=98 exiting pid=13244
 INFO: request:GET /image/test.png HTTP/1.1**Host: localhost:8181**Connection: keep-alive**Cache-Control: max-age=0**Upgrade-Insecure-Requests: 1**User-Agent: Mozilla/5.0 (X11; Linux x86_64) AppleWebKit/537.36 (KHTML, like Gecko) Ubuntu Chromium/61.0.3163.79 Chrome/61.0.3163.79 Safari/537.36**Accept: text/html,application/xhtml+xml,application/xml;q=0.9,image/webp,image/apng,*/*;q=0.8**Accept-Encoding: gzip, deflate, br**Accept-Language: ru-RU,ru;q=0.8,en-US;q=0.6,en;q=0.4****:27
FORBIDDEN: file extension type not supported:GET /image/test.png
 INFO: request:GET /foo/test.jpeg HTTP/1.1**Host: localhost:8181**Connection: keep-alive**Upgrade-Insecure-Requests: 1**User-Agent: Mozilla/5.0 (X11; Linux x86_64) AppleWebKit/537.36 (KHTML, like Gecko) Ubuntu Chromium/61.0.3163.79 Chrome/61.0.3163.79 Safari/537.36**Accept: text/html,application/xhtml+xml,application/xml;q=0.9,image/webp,image/apng,*/*;q=0.8**Accept-Encoding: gzip, deflate, br**Accept-Language: ru-RU,ru;q=0.8,en-US;q=0.6,en;q=0.4****:28
FORBIDDEN: file extension type not supported:GET /foo/test.jpeg
FORBIDDEN: failed to read browser request:
 INFO: request:GET /foo/bar.json HTTP/1.1**Host: localhost:8181**Connection: keep-alive**Upgrade-Insecure-Requests: 1**User-Agent: Mozilla/5.0 (X11; Linux x86_64) AppleWebKit/537.36 (KHTML, like Gecko) Ubuntu Chromium/61.0.3163.79 Chrome/61.0.3163.79 Safari/537.36**Accept: text/html,application/xhtml+xml,application/xml;q=0.9,image/webp,image/apng,*/*;q=0.8**Accept-Encoding: gzip, deflate, br**Accept-Language: ru-RU,ru;q=0.8,en-US;q=0.6,en;q=0.4****:30
 INFO: SEND:foo/bar.json:30
 INFO: Header:HTTP/1.1 200 OK
Server: nweb/23.0
Content-Length: 583
Connection: close
Content-Type: foo/json

:30
 INFO: nweb starting:8181:13328
ERROR: system call:bind Errno=98 exiting pid=13328
 INFO: nweb starting:8181:13355
ERROR: system call:bind Errno=98 exiting pid=13355
 INFO: nweb starting:8181:13467
ERROR: system call:bind Errno=98 exiting pid=13467
 INFO: nweb starting:8181:13485
ERROR: system call:bind Errno=98 exiting pid=13485
 INFO: nweb starting:8181:13500
ERROR: system call:bind Errno=98 exiting pid=13500
 INFO: nweb starting:8181:13532
ERROR: system call:bind Errno=98 exiting pid=13532
 INFO: nweb starting:8181:13564
ERROR: system call:bind Errno=98 exiting pid=13564
 INFO: nweb starting:8181:13596
ERROR: system call:bind Errno=98 exiting pid=13596
 INFO: nweb starting:8181:13616
ERROR: system call:bind Errno=98 exiting pid=13616
 INFO: nweb starting:8181:13646
 INFO: request:GET /foo/bar.json HTTP/1.1**Host: localhost:8181**Connection: keep-alive**Upgrade-Insecure-Requests: 1**User-Agent: Mozilla/5.0 (X11; Linux x86_64) AppleWebKit/537.36 (KHTML, like Gecko) Ubuntu Chromium/61.0.3163.79 Chrome/61.0.3163.79 Safari/537.36**Accept: text/html,application/xhtml+xml,application/xml;q=0.9,image/webp,image/apng,*/*;q=0.8**Accept-Encoding: gzip, deflate, br**Accept-Language: ru-RU,ru;q=0.8,en-US;q=0.6,en;q=0.4****:1
 INFO: SEND:foo/bar.json:1
 INFO: Header:HTTP/1.1 200 OK
Server: nweb/23.0
Content-Length: 583
Connection: close
Content-Type: foo/json

:1
 INFO: request:GET /foo/bar.json HTTP/1.1**Host: localhost:8181**Connection: keep-alive**Upgrade-Insecure-Requests: 1**User-Agent: Mozilla/5.0 (X11; Linux x86_64) AppleWebKit/537.36 (KHTML, like Gecko) Ubuntu Chromium/61.0.3163.79 Chrome/61.0.3163.79 Safari/537.36**Accept: text/html,application/xhtml+xml,application/xml;q=0.9,image/webp,image/apng,*/*;q=0.8**Accept-Encoding: gzip, deflate, br**Accept-Language: ru-RU,ru;q=0.8,en-US;q=0.6,en;q=0.4****:2
 INFO: SEND:foo/bar.json:2
 INFO: Header:HTTP/1.1 200 OK
Server: nweb/23.0
Content-Length: 583
Connection: close
Content-Type: foo/json

:2
FORBIDDEN: failed to read browser request:
 INFO: nweb starting:8181:13748
 INFO: request:GET /images/test.jpg HTTP/1.1**Host: localhost:8181**Connection: keep-alive**Upgrade-Insecure-Requests: 1**User-Agent: Mozilla/5.0 (X11; Linux x86_64) AppleWebKit/537.36 (KHTML, like Gecko) Ubuntu Chromium/61.0.3163.79 Chrome/61.0.3163.79 Safari/537.36**Accept: text/html,application/xhtml+xml,application/xml;q=0.9,image/webp,image/apng,*/*;q=0.8**Accept-Encoding: gzip, deflate, br**Accept-Language: ru-RU,ru;q=0.8,en-US;q=0.6,en;q=0.4****:1
FORBIDDEN: file extension type not supported:GET /images/test.jpg
 INFO: request:GET /images/test.png HTTP/1.1**Host: localhost:8181**Connection: keep-alive**Upgrade-Insecure-Requests: 1**User-Agent: Mozilla/5.0 (X11; Linux x86_64) AppleWebKit/537.36 (KHTML, like Gecko) Ubuntu Chromium/61.0.3163.79 Chrome/61.0.3163.79 Safari/537.36**Accept: text/html,application/xhtml+xml,application/xml;q=0.9,image/webp,image/apng,*/*;q=0.8**Accept-Encoding: gzip, deflate, br**Accept-Language: ru-RU,ru;q=0.8,en-US;q=0.6,en;q=0.4****:2
NOT FOUND: failed to open file:images/test.png
FORBIDDEN: failed to read browser request:
 INFO: request:GET /foo/bar.json HTTP/1.1**Host: localhost:8181**Connection: keep-alive**Upgrade-Insecure-Requests: 1**User-Agent: Mozilla/5.0 (X11; Linux x86_64) AppleWebKit/537.36 (KHTML, like Gecko) Ubuntu Chromium/61.0.3163.79 Chrome/61.0.3163.79 Safari/537.36**Accept: text/html,application/xhtml+xml,application/xml;q=0.9,image/webp,image/apng,*/*;q=0.8**Accept-Encoding: gzip, deflate, br**Accept-Language: ru-RU,ru;q=0.8,en-US;q=0.6,en;q=0.4****:4
 INFO: SEND:foo/bar.json:4
 INFO: Header:HTTP/1.1 200 OK
Server: nweb/23.0
Content-Length: 583
Connection: close
Content-Type: foo/json

:4
 INFO: request:GET /foo/bar.json HTTP/1.1**Host: localhost:8181**Connection: keep-alive**Upgrade-Insecure-Requests: 1**User-Agent: Mozilla/5.0 (X11; Linux x86_64) AppleWebKit/537.36 (KHTML, like Gecko) Ubuntu Chromium/61.0.3163.79 Chrome/61.0.3163.79 Safari/537.36**Accept: text/html,application/xhtml+xml,application/xml;q=0.9,image/webp,image/apng,*/*;q=0.8**Accept-Encoding: gzip, deflate, br**Accept-Language: ru-RU,ru;q=0.8,en-US;q=0.6,en;q=0.4****:5
 INFO: SEND:foo/bar.json:5
 INFO: Header:HTTP/1.1 200 OK
Server: nweb/23.0
Content-Length: 583
Connection: close
Content-Type: foo/json

:5
FORBIDDEN: failed to read browser request:
ERROR: system call:bind Errno=98 exiting pid=14851
ERROR: system call:bind Errno=98 exiting pid=14893
ERROR: system call:bind Errno=98 exiting pid=14925
 INFO: request:GET /images/test.png HTTP/1.1**Host: localhost:8181**Connection: keep-alive**Cache-Control: max-age=0**Upgrade-Insecure-Requests: 1**User-Agent: Mozilla/5.0 (X11; Linux x86_64) AppleWebKit/537.36 (KHTML, like Gecko) Ubuntu Chromium/61.0.3163.79 Chrome/61.0.3163.79 Safari/537.36**Accept: text/html,application/xhtml+xml,application/xml;q=0.9,image/webp,image/apng,*/*;q=0.8**Accept-Encoding: gzip, deflate, br**Accept-Language: ru-RU,ru;q=0.8,en-US;q=0.6,en;q=0.4****:1
NOT FOUND: failed to open file:images/test.png
 INFO: request:GET /image/test.png HTTP/1.1**Host: localhost:8181**Connection: keep-alive**Upgrade-Insecure-Requests: 1**User-Agent: Mozilla/5.0 (X11; Linux x86_64) AppleWebKit/537.36 (KHTML, like Gecko) Ubuntu Chromium/61.0.3163.79 Chrome/61.0.3163.79 Safari/537.36**Accept: text/html,application/xhtml+xml,application/xml;q=0.9,image/webp,image/apng,*/*;q=0.8**Accept-Encoding: gzip, deflate, br**Accept-Language: ru-RU,ru;q=0.8,en-US;q=0.6,en;q=0.4****:2
 INFO: SEND:image/test.png:2
 INFO: Header:HTTP/1.1 200 OK
Server: nweb/23.0
Content-Length: 1724871
Connection: close
Content-Type: image/png

:2
FORBIDDEN: failed to read browser request:
 INFO: request:GET /foo/bar.json HTTP/1.1**Host: 127.0.0.1:8181**User-Agent: Mozilla/5.0 (X11; Ubuntu; Linux x86_64; rv:55.0) Gecko/20100101 Firefox/55.0**Accept: text/html,application/xhtml+xml,application/xml;q=0.9,*/*;q=0.8**Accept-Language: en-US,en;q=0.5**Accept-Encoding: gzip, deflate**Connection: keep-alive**Upgrade-Insecure-Requests: 1****:1
 INFO: SEND:foo/bar.json:1
 INFO: Header:HTTP/1.1 200 OK
Server: nweb/23.0
Content-Length: 583
Connection: close
Content-Type: foo/json

:1
ERROR: system call:bind Errno=98 exiting pid=6705
ERROR: system call:bind Errno=98 exiting pid=6708
ERROR: system call:bind Errno=98 exiting pid=6715
 INFO: request:GET /foo/bar.json HTTP/1.1**Host: 127.0.0.1:8181**User-Agent: Mozilla/5.0 (X11; Ubuntu; Linux x86_64; rv:55.0) Gecko/20100101 Firefox/55.0**Accept: text/html,application/xhtml+xml,application/xml;q=0.9,*/*;q=0.8**Accept-Language: en-US,en;q=0.5**Accept-Encoding: gzip, deflate**Connection: keep-alive**Upgrade-Insecure-Requests: 1****:1
 INFO: SEND:foo/bar.json:1
 INFO: Header:HTTP/1.1 200 OK
Server: nweb/23.0
Content-Length: 583
Connection: close
Content-Type: foo/json

:1
ERROR: system call:bind Errno=98 exiting pid=7964
 INFO: request:GET /foo/bar.json HTTP/1.1**Host: 127.0.0.1:8181**User-Agent: Mozilla/5.0 (X11; Ubuntu; Linux x86_64; rv:55.0) Gecko/20100101 Firefox/55.0**Accept: text/html,application/xhtml+xml,application/xml;q=0.9,*/*;q=0.8**Accept-Language: en-US,en;q=0.5**Accept-Encoding: gzip, deflate**Connection: keep-alive**Upgrade-Insecure-Requests: 1****:1
 INFO: SEND:foo/bar.json:1
 INFO: Header:HTTP/1.1 200 OK
Server: nweb/23.0
Content-Length: 583
Connection: close
Content-Type: foo/json

:1
 INFO: request:GET /foo/bar.json HTTP/1.1**Host: 127.0.0.1:8181**User-Agent: Mozilla/5.0 (X11; Ubuntu; Linux x86_64; rv:55.0) Gecko/20100101 Firefox/55.0**Accept: text/html,application/xhtml+xml,application/xml;q=0.9,*/*;q=0.8**Accept-Language: en-US,en;q=0.5**Accept-Encoding: gzip, deflate**Connection: keep-alive**Upgrade-Insecure-Requests: 1****:1
 INFO: SEND:foo/bar.json:1
 INFO: Header:HTTP/1.1 200 OK
Server: nweb/23.0
Content-Length: 583
Connection: close
Content-Type: foo/json

:1
 INFO: request:GET /foo/bar.json HTTP/1.1**Host: 127.0.0.1:8181**User-Agent: Mozilla/5.0 (X11; Ubuntu; Linux x86_64; rv:55.0) Gecko/20100101 Firefox/55.0**Accept: text/html,application/xhtml+xml,application/xml;q=0.9,*/*;q=0.8**Accept-Language: en-US,en;q=0.5**Accept-Encoding: gzip, deflate**Connection: keep-alive**Upgrade-Insecure-Requests: 1****:1
 INFO: SEND:foo/bar.json:1
 INFO: Header:HTTP/1.1 200 OK
Server: nweb/23.0
Content-Length: 583
Connection: close
Content-Type: foo/json

:1
ERROR: system call:bind Errno=98 exiting pid=8138
 INFO: request:GET /foo/bar.json HTTP/1.1**Host: 127.0.0.1:8181**User-Agent: Mozilla/5.0 (X11; Ubuntu; Linux x86_64; rv:55.0) Gecko/20100101 Firefox/55.0**Accept: text/html,application/xhtml+xml,application/xml;q=0.9,*/*;q=0.8**Accept-Language: en-US,en;q=0.5**Accept-Encoding: gzip, deflate**Connection: keep-alive**Upgrade-Insecure-Requests: 1****:1
 INFO: SEND:foo/bar.json:1
 INFO: Header:HTTP/1.1 200 OK
Server: nweb/23.0
Content-Length: 583
Connection: close
Content-Type: foo/json

:1
 INFO: request:GET /foo/bar.json HTTP/1.1**Host: 127.0.0.1:8181**User-Agent: Mozilla/5.0 (X11; Ubuntu; Linux x86_64; rv:55.0) Gecko/20100101 Firefox/55.0**Accept: text/html,application/xhtml+xml,application/xml;q=0.9,*/*;q=0.8**Accept-Language: en-US,en;q=0.5**Accept-Encoding: gzip, deflate**Connection: keep-alive**Upgrade-Insecure-Requests: 1****:1
 INFO: SEND:foo/bar.json:1
 INFO: Header:HTTP/1.1 200 OK
Server: nweb/23.0
Content-Length: 583
Connection: close
Content-Type: foo/json

:1
 INFO: request:GET /foo/bar.json HTTP/1.1**Host: 127.0.0.1:8181**User-Agent: Mozilla/5.0 (X11; Ubuntu; Linux x86_64; rv:55.0) Gecko/20100101 Firefox/55.0**Accept: text/html,application/xhtml+xml,application/xml;q=0.9,*/*;q=0.8**Accept-Language: en-US,en;q=0.5**Accept-Encoding: gzip, deflate**Connection: keep-alive**Upgrade-Insecure-Requests: 1****:1
 INFO: SEND:foo/bar.json:1
 INFO: Header:HTTP/1.1 200 OK
Server: nweb/23.0
Content-Length: 583
Connection: close
Content-Type: foo/json

:1
 INFO: request:GET /foo/bar.json HTTP/1.1**Host: 127.0.0.1:8181**User-Agent: Mozilla/5.0 (X11; Ubuntu; Linux x86_64; rv:55.0) Gecko/20100101 Firefox/55.0**Accept: text/html,application/xhtml+xml,application/xml;q=0.9,*/*;q=0.8**Accept-Language: en-US,en;q=0.5**Accept-Encoding: gzip, deflate**Connection: keep-alive**Upgrade-Insecure-Requests: 1****:1
 INFO: SEND:foo/bar.json:1
 INFO: Header:HTTP/1.1 200 OK
Server: nweb/23.0
Content-Length: 583
Connection: close
Content-Type: foo/json

:1
 INFO: request:GET /foo/bar.json HTTP/1.1**Host: 127.0.0.1:8181**User-Agent: Mozilla/5.0 (X11; Ubuntu; Linux x86_64; rv:55.0) Gecko/20100101 Firefox/55.0**Accept: text/html,application/xhtml+xml,application/xml;q=0.9,*/*;q=0.8**Accept-Language: en-US,en;q=0.5**Accept-Encoding: gzip, deflate**Connection: keep-alive**Upgrade-Insecure-Requests: 1****:1
 INFO: SEND:converted.xml:1
 INFO: Header:HTTP/1.1 200 OK
Server: nweb/23.0
Content-Length: 603
Connection: close
Content-Type: foo/json

:1
 INFO: request:GET /foo/bar.json HTTP/1.1**Host: 127.0.0.1:8181**User-Agent: Mozilla/5.0 (X11; Ubuntu; Linux x86_64; rv:55.0) Gecko/20100101 Firefox/55.0**Accept: text/html,application/xhtml+xml,application/xml;q=0.9,*/*;q=0.8**Accept-Language: en-US,en;q=0.5**Accept-Encoding: gzip, deflate**Connection: keep-alive**Upgrade-Insecure-Requests: 1****:1
 INFO: SEND:converted.xml:1
 INFO: Header:HTTP/1.1 200 OK
Server: nweb/23.0
Content-Length: 603
Connection: close
Content-Type: foo/json

:1
ERROR: system call:bind Errno=98 exiting pid=9150
 INFO: request:GET /foo/bar.json HTTP/1.1**Host: 127.0.0.1:8181**User-Agent: Mozilla/5.0 (X11; Ubuntu; Linux x86_64; rv:55.0) Gecko/20100101 Firefox/55.0**Accept: text/html,application/xhtml+xml,application/xml;q=0.9,*/*;q=0.8**Accept-Language: en-US,en;q=0.5**Accept-Encoding: gzip, deflate**Connection: keep-alive**Upgrade-Insecure-Requests: 1****:1
 INFO: SEND:converted.xml:1
 INFO: Header:HTTP/1.1 200 OK
Server: nweb/23.0
Content-Length: 603
Connection: close
Content-Type: foo/json

:1
 INFO: request:GET /foo/bar.json HTTP/1.1**Host: 127.0.0.1:8181**User-Agent: Mozilla/5.0 (X11; Ubuntu; Linux x86_64; rv:55.0) Gecko/20100101 Firefox/55.0**Accept: text/html,application/xhtml+xml,application/xml;q=0.9,*/*;q=0.8**Accept-Language: en-US,en;q=0.5**Accept-Encoding: gzip, deflate**Connection: keep-alive**Upgrade-Insecure-Requests: 1****:1
 INFO: SEND:converted.xml:1
 INFO: Header:HTTP/1.1 200 OK
Server: nweb/23.0
Content-Length: 603
Connection: close
Content-Type: foo/json

:1
 INFO: request:GET /foo/bar.json HTTP/1.1**Host: 127.0.0.1:8181**User-Agent: Mozilla/5.0 (X11; Ubuntu; Linux x86_64; rv:55.0) Gecko/20100101 Firefox/55.0**Accept: text/html,application/xhtml+xml,application/xml;q=0.9,*/*;q=0.8**Accept-Language: en-US,en;q=0.5**Accept-Encoding: gzip, deflate**Connection: keep-alive**Upgrade-Insecure-Requests: 1****:1
 INFO: SEND:converted.xml:1
 INFO: Header:HTTP/1.1 200 OK
Server: nweb/23.0
Content-Length: 603
Connection: close
Content-Type: foo/json

:1
 INFO: request:GET /foo/bar.json HTTP/1.1**Host: 127.0.0.1:8181**User-Agent: Mozilla/5.0 (X11; Ubuntu; Linux x86_64; rv:55.0) Gecko/20100101 Firefox/55.0**Accept: text/html,application/xhtml+xml,application/xml;q=0.9,*/*;q=0.8**Accept-Language: en-US,en;q=0.5**Accept-Encoding: gzip, deflate**Connection: keep-alive**Upgrade-Insecure-Requests: 1****:1
 INFO: SEND:converted.xml:1
 INFO: Header:HTTP/1.1 200 OK
Server: nweb/23.0
Content-Length: 603
Connection: close
Content-Type: foo/json

:1
 INFO: request:GET /foo/bar.json HTTP/1.1**Host: 127.0.0.1:8181**User-Agent: Mozilla/5.0 (X11; Ubuntu; Linux x86_64; rv:55.0) Gecko/20100101 Firefox/55.0**Accept: text/html,application/xhtml+xml,application/xml;q=0.9,*/*;q=0.8**Accept-Language: en-US,en;q=0.5**Accept-Encoding: gzip, deflate**Connection: keep-alive**Upgrade-Insecure-Requests: 1****:1
 INFO: SEND:converted.xml:1
 INFO: Header:HTTP/1.1 200 OK
Server: nweb/23.0
Content-Length: 603
Connection: close
Content-Type: foo/xml

:1
 INFO: request:GET /foo/bar.json HTTP/1.1**Host: 127.0.0.1:8181**User-Agent: Mozilla/5.0 (X11; Ubuntu; Linux x86_64; rv:55.0) Gecko/20100101 Firefox/55.0**Accept: text/html,application/xhtml+xml,application/xml;q=0.9,*/*;q=0.8**Accept-Language: en-US,en;q=0.5**Accept-Encoding: gzip, deflate**Connection: keep-alive**Upgrade-Insecure-Requests: 1****:1
 INFO: SEND:converted.xml:1
 INFO: Header:HTTP/1.1 200 OK
Server: nweb/23.0
Content-Length: 603
Connection: close
Content-Type: foo/xml

:1
 INFO: request:GET /foo/bar.json HTTP/1.1**Host: 127.0.0.1:8181**User-Agent: Mozilla/5.0 (X11; Ubuntu; Linux x86_64; rv:55.0) Gecko/20100101 Firefox/55.0**Accept: text/html,application/xhtml+xml,application/xml;q=0.9,*/*;q=0.8**Accept-Language: en-US,en;q=0.5**Accept-Encoding: gzip, deflate**Connection: keep-alive**Upgrade-Insecure-Requests: 1****:2
 INFO: SEND:converted.xml:2
 INFO: Header:HTTP/1.1 200 OK
Server: nweb/23.0
Content-Length: 603
Connection: close
Content-Type: foo/xml

:2
 INFO: request:GET /foo/bar.json HTTP/1.1**Host: 127.0.0.1:8181**User-Agent: Mozilla/5.0 (X11; Ubuntu; Linux x86_64; rv:55.0) Gecko/20100101 Firefox/55.0**Accept: text/html,application/xhtml+xml,application/xml;q=0.9,*/*;q=0.8**Accept-Language: en-US,en;q=0.5**Accept-Encoding: gzip, deflate**Connection: keep-alive**Upgrade-Insecure-Requests: 1****:1
 INFO: SEND:converted.xml:1
 INFO: Header:HTTP/1.1 200 OK
Server: nweb/23.0
Content-Length: 603
Connection: close
Content-Type: foo/xml

:1
 INFO: request:GET /foo/bar.json HTTP/1.1**Host: 127.0.0.1:8181**User-Agent: Mozilla/5.0 (X11; Ubuntu; Linux x86_64; rv:55.0) Gecko/20100101 Firefox/55.0**Accept: text/html,application/xhtml+xml,application/xml;q=0.9,*/*;q=0.8**Accept-Language: en-US,en;q=0.5**Accept-Encoding: gzip, deflate**Connection: keep-alive**Upgrade-Insecure-Requests: 1****:1
 INFO: SEND:converted.xml:1
 INFO: Header:HTTP/1.1 200 OK
Server: nweb/23.0
Content-Length: 603
Connection: close
Content-Type: foo/xml

:1
 INFO: request:GET /foo/bar.json HTTP/1.1**Host: 127.0.0.1:8181**User-Agent: Mozilla/5.0 (X11; Ubuntu; Linux x86_64; rv:55.0) Gecko/20100101 Firefox/55.0**Accept: text/html,application/xhtml+xml,application/xml;q=0.9,*/*;q=0.8**Accept-Language: en-US,en;q=0.5**Accept-Encoding: gzip, deflate**Connection: keep-alive**Upgrade-Insecure-Requests: 1****:1
 INFO: SEND:converted.xml:1
 INFO: Header:HTTP/1.1 200 OK
Server: nweb/23.0
Content-Length: 603
Connection: close
Content-Type: text/xml

:1
 INFO: request:GET /favicon.ico HTTP/1.1**Host: 127.0.0.1:8181**User-Agent: Mozilla/5.0 (X11; Ubuntu; Linux x86_64; rv:55.0) Gecko/20100101 Firefox/55.0**Accept: text/html,application/xhtml+xml,application/xml;q=0.9,*/*;q=0.8**Accept-Language: en-US,en;q=0.5**Accept-Encoding: gzip, deflate**Connection: keep-alive****:2
NOT FOUND: failed to open file:favicon.ico
 INFO: request:GET /foo/light.json HTTP/1.1**Host: 127.0.0.1:8181**User-Agent: Mozilla/5.0 (X11; Ubuntu; Linux x86_64; rv:55.0) Gecko/20100101 Firefox/55.0**Accept: text/html,application/xhtml+xml,application/xml;q=0.9,*/*;q=0.8**Accept-Language: en-US,en;q=0.5**Accept-Encoding: gzip, deflate**Connection: keep-alive**Upgrade-Insecure-Requests: 1****:3
 INFO: SEND:converted.xml:3
 INFO: Header:HTTP/1.1 200 OK
Server: nweb/23.0
Content-Length: 49590
Connection: close
Content-Type: text/xml

:3
 INFO: request:GET /foo/light.json HTTP/1.1**Host: 127.0.0.1:8181**User-Agent: Mozilla/5.0 (X11; Ubuntu; Linux x86_64; rv:55.0) Gecko/20100101 Firefox/55.0**Accept: text/html,application/xhtml+xml,application/xml;q=0.9,*/*;q=0.8**Accept-Language: en-US,en;q=0.5**Accept-Encoding: gzip, deflate**Connection: keep-alive**Upgrade-Insecure-Requests: 1****:4
 INFO: SEND:converted.xml:4
 INFO: Header:HTTP/1.1 200 OK
Server: nweb/23.0
Content-Length: 49590
Connection: close
Content-Type: text/xml

:4
ERROR: system call:bind Errno=98 exiting pid=10962
 INFO: request:GET /foo/light.json HTTP/1.1**Host: 127.0.0.1:8181**User-Agent: Mozilla/5.0 (X11; Ubuntu; Linux x86_64; rv:55.0) Gecko/20100101 Firefox/55.0**Accept: text/html,application/xhtml+xml,application/xml;q=0.9,*/*;q=0.8**Accept-Language: en-US,en;q=0.5**Accept-Encoding: gzip, deflate**Connection: keep-alive**Upgrade-Insecure-Requests: 1****:1
 INFO: SEND:converted.xml:1
 INFO: Header:HTTP/1.1 200 OK
Server: nweb/23.0
Content-Length: 49590
Connection: close
Content-Type: text/xml

:1
 INFO: request:GET /foo/light.json HTTP/1.1**Host: 127.0.0.1:8181**User-Agent: Mozilla/5.0 (X11; Ubuntu; Linux x86_64; rv:55.0) Gecko/20100101 Firefox/55.0**Accept: text/html,application/xhtml+xml,application/xml;q=0.9,*/*;q=0.8**Accept-Language: en-US,en;q=0.5**Accept-Encoding: gzip, deflate**Connection: keep-alive**Upgrade-Insecure-Requests: 1****:2
 INFO: SEND:converted.xml:2
 INFO: Header:HTTP/1.1 200 OK
Server: nweb/23.0
Content-Length: 49590
Connection: close
Content-Type: text/xml

:2
 INFO: request:GET /foo/light.json HTTP/1.1**Host: 127.0.0.1:8181**User-Agent: Mozilla/5.0 (X11; Ubuntu; Linux x86_64; rv:55.0) Gecko/20100101 Firefox/55.0**Accept: text/html,application/xhtml+xml,application/xml;q=0.9,*/*;q=0.8**Accept-Language: en-US,en;q=0.5**Accept-Encoding: gzip, deflate**Connection: keep-alive**Upgrade-Insecure-Requests: 1****:1
 INFO: SEND:converted.xml:1
 INFO: Header:HTTP/1.1 200 OK
Server: nweb/23.0
Content-Length: 49590
Connection: close
Content-Type: text/xml

:1
 INFO: request:GET /foo/light.json/ HTTP/1.1**Host: 127.0.0.1:8181**User-Agent: Mozilla/5.0 (X11; Ubuntu; Linux x86_64; rv:55.0) Gecko/20100101 Firefox/55.0**Accept: text/html,application/xhtml+xml,application/xml;q=0.9,*/*;q=0.8**Accept-Language: en-US,en;q=0.5**Accept-Encoding: gzip, deflate**Connection: keep-alive**Upgrade-Insecure-Requests: 1****:1
NOT FOUND: failed to open file:foo/light.json/
 INFO: request:GET /foo/light.json HTTP/1.1**Host: 127.0.0.1:8181**User-Agent: Mozilla/5.0 (X11; Ubuntu; Linux x86_64; rv:55.0) Gecko/20100101 Firefox/55.0**Accept: text/html,application/xhtml+xml,application/xml;q=0.9,*/*;q=0.8**Accept-Language: en-US,en;q=0.5**Accept-Encoding: gzip, deflate**Connection: keep-alive**Upgrade-Insecure-Requests: 1****:2
 INFO: SEND:converted.xml:2
 INFO: Header:HTTP/1.1 200 OK
Server: nweb/23.0
Content-Length: 48232
Connection: close
Content-Type: text/xml

:2
 INFO: request:GET /foo/light.json HTTP/1.1**Host: 127.0.0.1:8181**User-Agent: Mozilla/5.0 (X11; Ubuntu; Linux x86_64; rv:55.0) Gecko/20100101 Firefox/55.0**Accept: text/html,application/xhtml+xml,application/xml;q=0.9,*/*;q=0.8**Accept-Language: en-US,en;q=0.5**Accept-Encoding: gzip, deflate**Connection: keep-alive**Upgrade-Insecure-Requests: 1****:1
 INFO: SEND:converted.xml:1
 INFO: Header:HTTP/1.1 200 OK
Server: nweb/23.0
Content-Length: 49002
Connection: close
Content-Type: text/xml

:1
ERROR: system call:bind Errno=98 exiting pid=11228
 INFO: request:GET /foo/light.json HTTP/1.1**Host: 127.0.0.1:8181**User-Agent: Mozilla/5.0 (X11; Ubuntu; Linux x86_64; rv:55.0) Gecko/20100101 Firefox/55.0**Accept: text/html,application/xhtml+xml,application/xml;q=0.9,*/*;q=0.8**Accept-Language: en-US,en;q=0.5**Accept-Encoding: gzip, deflate**Connection: keep-alive**Upgrade-Insecure-Requests: 1****:1
 INFO: SEND:converted.xml:1
 INFO: Header:HTTP/1.1 200 OK
Server: nweb/23.0
Content-Length: 60914
Connection: close
Content-Type: text/xml

:1
 INFO: request:GET /foo/light.json HTTP/1.1**Host: 127.0.0.1:8181**User-Agent: Mozilla/5.0 (X11; Ubuntu; Linux x86_64; rv:55.0) Gecko/20100101 Firefox/55.0**Accept: text/html,application/xhtml+xml,application/xml;q=0.9,*/*;q=0.8**Accept-Language: en-US,en;q=0.5**Accept-Encoding: gzip, deflate**Connection: keep-alive**Upgrade-Insecure-Requests: 1****:1
 INFO: SEND:converted.xml:1
 INFO: Header:HTTP/1.1 200 OK
Server: nweb/23.0
Content-Length: 60910
Connection: close
Content-Type: text/xml

:1
 INFO: request:GET /foo/light.json HTTP/1.1**Host: 127.0.0.1:8181**User-Agent: Mozilla/5.0 (X11; Ubuntu; Linux x86_64; rv:55.0) Gecko/20100101 Firefox/55.0**Accept: text/html,application/xhtml+xml,application/xml;q=0.9,*/*;q=0.8**Accept-Language: en-US,en;q=0.5**Accept-Encoding: gzip, deflate**Connection: keep-alive**Upgrade-Insecure-Requests: 1****:1
 INFO: SEND:converted.xml:1
 INFO: Header:HTTP/1.1 200 OK
Server: nweb/23.0
Content-Length: 57635
Connection: close
Content-Type: text/xml

:1
ERROR: system call:bind Errno=98 exiting pid=11532
 INFO: request:GET /foo/light.json HTTP/1.1**Host: 127.0.0.1:8181**User-Agent: Mozilla/5.0 (X11; Ubuntu; Linux x86_64; rv:55.0) Gecko/20100101 Firefox/55.0**Accept: text/html,application/xhtml+xml,application/xml;q=0.9,*/*;q=0.8**Accept-Language: en-US,en;q=0.5**Accept-Encoding: gzip, deflate**Connection: keep-alive**Upgrade-Insecure-Requests: 1****:1
 INFO: SEND:converted.xml:1
 INFO: Header:HTTP/1.1 200 OK
Server: nweb/23.0
Content-Length: 61334
Connection: close
Content-Type: text/xml

:1
 INFO: request:GET /foo/light.json HTTP/1.1**Host: 127.0.0.1:8181**User-Agent: Mozilla/5.0 (X11; Ubuntu; Linux x86_64; rv:55.0) Gecko/20100101 Firefox/55.0**Accept: text/html,application/xhtml+xml,application/xml;q=0.9,*/*;q=0.8**Accept-Language: en-US,en;q=0.5**Accept-Encoding: gzip, deflate**Connection: keep-alive**Upgrade-Insecure-Requests: 1****:2
 INFO: SEND:converted.xml:2
 INFO: Header:HTTP/1.1 200 OK
Server: nweb/23.0
Content-Length: 61334
Connection: close
Content-Type: text/xml

:2
ERROR: system call:bind Errno=98 exiting pid=11719
 INFO: request:GET /foo/light.json HTTP/1.1**Host: 127.0.0.1:8181**User-Agent: Mozilla/5.0 (X11; Ubuntu; Linux x86_64; rv:55.0) Gecko/20100101 Firefox/55.0**Accept: text/html,application/xhtml+xml,application/xml;q=0.9,*/*;q=0.8**Accept-Language: en-US,en;q=0.5**Accept-Encoding: gzip, deflate**Connection: keep-alive**Upgrade-Insecure-Requests: 1****:1
 INFO: SEND:converted.xml:1
 INFO: Header:HTTP/1.1 200 OK
Server: nweb/23.0
Content-Length: 61694
Connection: close
Content-Type: text/xml

:1
ERROR: system call:bind Errno=98 exiting pid=11773
 INFO: request:GET /foo/light.json HTTP/1.1**Host: 127.0.0.1:8181**User-Agent: Mozilla/5.0 (X11; Ubuntu; Linux x86_64; rv:55.0) Gecko/20100101 Firefox/55.0**Accept: text/html,application/xhtml+xml,application/xml;q=0.9,*/*;q=0.8**Accept-Language: en-US,en;q=0.5**Accept-Encoding: gzip, deflate**Connection: keep-alive**Upgrade-Insecure-Requests: 1****:1
 INFO: SEND:converted.xml:1
 INFO: Header:HTTP/1.1 200 OK
Server: nweb/23.0
Content-Length: 65009
Connection: close
Content-Type: text/xml

:1
ERROR: system call:bind Errno=98 exiting pid=12003
 INFO: request:GET /foo/light.json HTTP/1.1**Host: 127.0.0.1:8181**User-Agent: Mozilla/5.0 (X11; Ubuntu; Linux x86_64; rv:55.0) Gecko/20100101 Firefox/55.0**Accept: text/html,application/xhtml+xml,application/xml;q=0.9,*/*;q=0.8**Accept-Language: en-US,en;q=0.5**Accept-Encoding: gzip, deflate**Connection: keep-alive**Upgrade-Insecure-Requests: 1****:1
 INFO: SEND:converted.xml:1
 INFO: Header:HTTP/1.1 200 OK
Server: nweb/23.0
Content-Length: 61334
Connection: close
Content-Type: text/xml

:1
ERROR: system call:bind Errno=98 exiting pid=12112
 INFO: request:GET /foo/light.json HTTP/1.1**Host: 127.0.0.1:8181**User-Agent: Mozilla/5.0 (X11; Ubuntu; Linux x86_64; rv:55.0) Gecko/20100101 Firefox/55.0**Accept: text/html,application/xhtml+xml,application/xml;q=0.9,*/*;q=0.8**Accept-Language: en-US,en;q=0.5**Accept-Encoding: gzip, deflate**Connection: keep-alive**Upgrade-Insecure-Requests: 1****:1
 INFO: SEND:converted.xml:1
 INFO: Header:HTTP/1.1 200 OK
Server: nweb/23.0
Content-Length: 65017
Connection: close
Content-Type: text/xml

:1
ERROR: system call:bind Errno=98 exiting pid=12224
 INFO: request:GET /foo/light.json HTTP/1.1**Host: 127.0.0.1:8181**User-Agent: Mozilla/5.0 (X11; Ubuntu; Linux x86_64; rv:55.0) Gecko/20100101 Firefox/55.0**Accept: text/html,application/xhtml+xml,application/xml;q=0.9,*/*;q=0.8**Accept-Language: en-US,en;q=0.5**Accept-Encoding: gzip, deflate**Connection: keep-alive**Upgrade-Insecure-Requests: 1****:1
 INFO: SEND:converted.xml:1
 INFO: Header:HTTP/1.1 200 OK
Server: nweb/23.0
Content-Length: 65017
Connection: close
Content-Type: text/xml

:1
 INFO: request:GET /foo/light.json HTTP/1.1**Host: 127.0.0.1:8181**User-Agent: Mozilla/5.0 (X11; Ubuntu; Linux x86_64; rv:55.0) Gecko/20100101 Firefox/55.0**Accept: text/html,application/xhtml+xml,application/xml;q=0.9,*/*;q=0.8**Accept-Language: en-US,en;q=0.5**Accept-Encoding: gzip, deflate**Connection: keep-alive**Upgrade-Insecure-Requests: 1****:1
 INFO: SEND:converted.xml:1
 INFO: Header:HTTP/1.1 200 OK
Server: nweb/23.0
Content-Length: 60144
Connection: close
Content-Type: text/xml

:1
ERROR: system call:bind Errno=98 exiting pid=12625
 INFO: request:GET /foo/light.json HTTP/1.1**Host: 127.0.0.1:8181**User-Agent: Mozilla/5.0 (X11; Ubuntu; Linux x86_64; rv:55.0) Gecko/20100101 Firefox/55.0**Accept: text/html,application/xhtml+xml,application/xml;q=0.9,*/*;q=0.8**Accept-Language: en-US,en;q=0.5**Accept-Encoding: gzip, deflate**Connection: keep-alive**Upgrade-Insecure-Requests: 1****:1
 INFO: SEND:converted.xml:1
 INFO: Header:HTTP/1.1 200 OK
Server: nweb/23.0
Content-Length: 60144
Connection: close
Content-Type: text/xml

:1
 INFO: request:GET /foo/light.json HTTP/1.1**Host: 127.0.0.1:8181**User-Agent: Mozilla/5.0 (X11; Ubuntu; Linux x86_64; rv:55.0) Gecko/20100101 Firefox/55.0**Accept: text/html,application/xhtml+xml,application/xml;q=0.9,*/*;q=0.8**Accept-Language: en-US,en;q=0.5**Accept-Encoding: gzip, deflate**Connection: keep-alive**Upgrade-Insecure-Requests: 1****:1
 INFO: SEND:converted.xml:1
 INFO: Header:HTTP/1.1 200 OK
Server: nweb/23.0
Content-Length: 65035
Connection: close
Content-Type: text/xml

:1
 INFO: request:GET /foo/light.json HTTP/1.1**Host: 127.0.0.1:8181**User-Agent: Mozilla/5.0 (X11; Ubuntu; Linux x86_64; rv:55.0) Gecko/20100101 Firefox/55.0**Accept: text/html,application/xhtml+xml,application/xml;q=0.9,*/*;q=0.8**Accept-Language: en-US,en;q=0.5**Accept-Encoding: gzip, deflate**Connection: keep-alive**Upgrade-Insecure-Requests: 1****:1
 INFO: SEND:converted.xml:1
 INFO: Header:HTTP/1.1 200 OK
Server: nweb/23.0
Content-Length: 61334
Connection: close
Content-Type: text/xml

:1
 INFO: request:GET /foo/light.json HTTP/1.1**Host: 127.0.0.1:8181**User-Agent: Mozilla/5.0 (X11; Ubuntu; Linux x86_64; rv:55.0) Gecko/20100101 Firefox/55.0**Accept: text/html,application/xhtml+xml,application/xml;q=0.9,*/*;q=0.8**Accept-Language: en-US,en;q=0.5**Accept-Encoding: gzip, deflate**Connection: keep-alive**Upgrade-Insecure-Requests: 1****:1
 INFO: SEND:converted.xml:1
 INFO: Header:HTTP/1.1 200 OK
Server: nweb/23.0
Content-Length: 61334
Connection: close
Content-Type: text/xml

:1
 INFO: request:GET /foo/light.json HTTP/1.1**Host: 127.0.0.1:8181**User-Agent: Mozilla/5.0 (X11; Ubuntu; Linux x86_64; rv:55.0) Gecko/20100101 Firefox/55.0**Accept: text/html,application/xhtml+xml,application/xml;q=0.9,*/*;q=0.8**Accept-Language: en-US,en;q=0.5**Accept-Encoding: gzip, deflate**Connection: keep-alive**Upgrade-Insecure-Requests: 1****:1
 INFO: SEND:converted.xml:1
 INFO: Header:HTTP/1.1 200 OK
Server: nweb/23.0
Content-Length: 61894
Connection: close
Content-Type: text/xml

:1
 INFO: request:GET /foo/light.json HTTP/1.1**Host: 127.0.0.1:8181**User-Agent: Mozilla/5.0 (X11; Ubuntu; Linux x86_64; rv:55.0) Gecko/20100101 Firefox/55.0**Accept: text/html,application/xhtml+xml,application/xml;q=0.9,*/*;q=0.8**Accept-Language: en-US,en;q=0.5**Accept-Encoding: gzip, deflate**Connection: keep-alive**Upgrade-Insecure-Requests: 1****:1
 INFO: SEND:converted.xml:1
 INFO: Header:HTTP/1.1 200 OK
Server: nweb/23.0
Content-Length: 61334
Connection: close
Content-Type: text/xml

:1
 INFO: request:GET /foo/light.json HTTP/1.1**Host: 127.0.0.1:8181**User-Agent: Mozilla/5.0 (X11; Ubuntu; Linux x86_64; rv:55.0) Gecko/20100101 Firefox/55.0**Accept: text/html,application/xhtml+xml,application/xml;q=0.9,*/*;q=0.8**Accept-Language: en-US,en;q=0.5**Accept-Encoding: gzip, deflate**Connection: keep-alive**Upgrade-Insecure-Requests: 1****:1
 INFO: SEND:converted.xml:1
 INFO: Header:HTTP/1.1 200 OK
Server: nweb/23.0
Content-Length: 63624
Connection: close
Content-Type: text/xml

:1
ERROR: system call:bind Errno=98 exiting pid=13194
 INFO: request:GET /foo/light.json HTTP/1.1**Host: 127.0.0.1:8181**User-Agent: Mozilla/5.0 (X11; Ubuntu; Linux x86_64; rv:55.0) Gecko/20100101 Firefox/55.0**Accept: text/html,application/xhtml+xml,application/xml;q=0.9,*/*;q=0.8**Accept-Language: en-US,en;q=0.5**Accept-Encoding: gzip, deflate**Connection: keep-alive**Upgrade-Insecure-Requests: 1****:1
 INFO: SEND:converted.xml:1
 INFO: Header:HTTP/1.1 200 OK
Server: nweb/23.0
Content-Length: 61344
Connection: close
Content-Type: text/xml

:1
 INFO: request:GET /foo/light.json HTTP/1.1**Host: 127.0.0.1:8181**User-Agent: Mozilla/5.0 (X11; Ubuntu; Linux x86_64; rv:55.0) Gecko/20100101 Firefox/55.0**Accept: text/html,application/xhtml+xml,application/xml;q=0.9,*/*;q=0.8**Accept-Language: en-US,en;q=0.5**Accept-Encoding: gzip, deflate**Connection: keep-alive**Upgrade-Insecure-Requests: 1****:1
 INFO: SEND:converted.xml:1
 INFO: Header:HTTP/1.1 200 OK
Server: nweb/23.0
Content-Length: 61334
Connection: close
Content-Type: text/xml

:1
 INFO: request:GET /foo/light.json HTTP/1.1**Host: 127.0.0.1:8181**User-Agent: Mozilla/5.0 (X11; Ubuntu; Linux x86_64; rv:55.0) Gecko/20100101 Firefox/55.0**Accept: text/html,application/xhtml+xml,application/xml;q=0.9,*/*;q=0.8**Accept-Language: en-US,en;q=0.5**Accept-Encoding: gzip, deflate**Connection: keep-alive**Upgrade-Insecure-Requests: 1****:1
 INFO: SEND:converted.xml:1
 INFO: Header:HTTP/1.1 200 OK
Server: nweb/23.0
Content-Length: 61660
Connection: close
Content-Type: text/xml

:1
 INFO: request:GET /foo/light.json HTTP/1.1**Host: 127.0.0.1:8181**User-Agent: Mozilla/5.0 (X11; Ubuntu; Linux x86_64; rv:55.0) Gecko/20100101 Firefox/55.0**Accept: text/html,application/xhtml+xml,application/xml;q=0.9,*/*;q=0.8**Accept-Language: en-US,en;q=0.5**Accept-Encoding: gzip, deflate**Connection: keep-alive**Upgrade-Insecure-Requests: 1****:1
 INFO: SEND:converted.xml:1
 INFO: Header:HTTP/1.1 200 OK
Server: nweb/23.0
Content-Length: 61334
Connection: close
Content-Type: text/xml

:1
ERROR: system call:bind Errno=98 exiting pid=13573
 INFO: request:GET /foo/light.json HTTP/1.1**Host: 127.0.0.1:8181**User-Agent: Mozilla/5.0 (X11; Ubuntu; Linux x86_64; rv:55.0) Gecko/20100101 Firefox/55.0**Accept: text/html,application/xhtml+xml,application/xml;q=0.9,*/*;q=0.8**Accept-Language: en-US,en;q=0.5**Accept-Encoding: gzip, deflate**Connection: keep-alive**Upgrade-Insecure-Requests: 1****:1
 INFO: SEND:converted.xml:1
 INFO: Header:HTTP/1.1 200 OK
Server: nweb/23.0
Content-Length: 61334
Connection: close
Content-Type: text/xml

:1
 INFO: request:GET /foo/light.json HTTP/1.1**Host: 127.0.0.1:8181**User-Agent: Mozilla/5.0 (X11; Ubuntu; Linux x86_64; rv:55.0) Gecko/20100101 Firefox/55.0**Accept: text/html,application/xhtml+xml,application/xml;q=0.9,*/*;q=0.8**Accept-Language: en-US,en;q=0.5**Accept-Encoding: gzip, deflate**Connection: keep-alive**Upgrade-Insecure-Requests: 1****:2
 INFO: SEND:converted.xml:2
 INFO: Header:HTTP/1.1 200 OK
Server: nweb/23.0
Content-Length: 61334
Connection: close
Content-Type: text/xml

:2
FORBIDDEN: failed to read browser request:
 INFO: request:GET /foo/light.json HTTP/1.1**Host: 127.0.0.1:8181**User-Agent: Mozilla/5.0 (X11; Ubuntu; Linux x86_64; rv:55.0) Gecko/20100101 Firefox/55.0**Accept: text/html,application/xhtml+xml,application/xml;q=0.9,*/*;q=0.8**Accept-Language: en-US,en;q=0.5**Accept-Encoding: gzip, deflate**Connection: keep-alive**Upgrade-Insecure-Requests: 1****:1
 INFO: SEND:converted.xml:1
 INFO: Header:HTTP/1.1 200 OK
Server: nweb/23.0
Content-Length: 61334
Connection: close
Content-Type: text/xml

:1
 INFO: request:GET /foo/light.json HTTP/1.1**Host: 127.0.0.1:8181**User-Agent: Mozilla/5.0 (X11; Ubuntu; Linux x86_64; rv:55.0) Gecko/20100101 Firefox/55.0**Accept: text/html,application/xhtml+xml,application/xml;q=0.9,*/*;q=0.8**Accept-Language: en-US,en;q=0.5**Accept-Encoding: gzip, deflate**Connection: keep-alive**Upgrade-Insecure-Requests: 1****:1
 INFO: SEND:converted.xml:1
 INFO: Header:HTTP/1.1 200 OK
Server: nweb/23.0
Content-Length: 40
Connection: close
Content-Type: text/xml

:1
 INFO: request:GET /foo/light.json HTTP/1.1**Host: 127.0.0.1:8181**User-Agent: Mozilla/5.0 (X11; Ubuntu; Linux x86_64; rv:55.0) Gecko/20100101 Firefox/55.0**Accept: text/html,application/xhtml+xml,application/xml;q=0.9,*/*;q=0.8**Accept-Language: en-US,en;q=0.5**Accept-Encoding: gzip, deflate**Connection: keep-alive**Upgrade-Insecure-Requests: 1****:1
 INFO: request:GET /foo/light.json HTTP/1.1**Host: 127.0.0.1:8181**User-Agent: Mozilla/5.0 (X11; Ubuntu; Linux x86_64; rv:55.0) Gecko/20100101 Firefox/55.0**Accept: text/html,application/xhtml+xml,application/xml;q=0.9,*/*;q=0.8**Accept-Language: en-US,en;q=0.5**Accept-Encoding: gzip, deflate**Connection: keep-alive**Upgrade-Insecure-Requests: 1****:2
 INFO: request:GET /foo/light.json HTTP/1.1**Host: 127.0.0.1:8181**User-Agent: Mozilla/5.0 (X11; Ubuntu; Linux x86_64; rv:55.0) Gecko/20100101 Firefox/55.0**Accept: text/html,application/xhtml+xml,application/xml;q=0.9,*/*;q=0.8**Accept-Language: en-US,en;q=0.5**Accept-Encoding: gzip, deflate**Connection: keep-alive**Upgrade-Insecure-Requests: 1****:3
 INFO: request:GET /foo/light.json HTTP/1.1**Host: 127.0.0.1:8181**User-Agent: Mozilla/5.0 (X11; Ubuntu; Linux x86_64; rv:55.0) Gecko/20100101 Firefox/55.0**Accept: text/html,application/xhtml+xml,application/xml;q=0.9,*/*;q=0.8**Accept-Language: en-US,en;q=0.5**Accept-Encoding: gzip, deflate**Connection: keep-alive**Upgrade-Insecure-Requests: 1****:4
 INFO: request:GET /foo/light.json HTTP/1.1**Host: 127.0.0.1:8181**User-Agent: Mozilla/5.0 (X11; Ubuntu; Linux x86_64; rv:55.0) Gecko/20100101 Firefox/55.0**Accept: text/html,application/xhtml+xml,application/xml;q=0.9,*/*;q=0.8**Accept-Language: en-US,en;q=0.5**Accept-Encoding: gzip, deflate**Connection: keep-alive**Upgrade-Insecure-Requests: 1****:5
 INFO: request:GET /foo/light.json HTTP/1.1**Host: 127.0.0.1:8181**User-Agent: Mozilla/5.0 (X11; Ubuntu; Linux x86_64; rv:55.0) Gecko/20100101 Firefox/55.0**Accept: text/html,application/xhtml+xml,application/xml;q=0.9,*/*;q=0.8**Accept-Language: en-US,en;q=0.5**Accept-Encoding: gzip, deflate**Connection: keep-alive**Upgrade-Insecure-Requests: 1****:6
 INFO: request:GET /foo/light.json HTTP/1.1**Host: 127.0.0.1:8181**User-Agent: Mozilla/5.0 (X11; Ubuntu; Linux x86_64; rv:55.0) Gecko/20100101 Firefox/55.0**Accept: text/html,application/xhtml+xml,application/xml;q=0.9,*/*;q=0.8**Accept-Language: en-US,en;q=0.5**Accept-Encoding: gzip, deflate**Connection: keep-alive**Upgrade-Insecure-Requests: 1****:7
 INFO: request:GET /foo/light.json HTTP/1.1**Host: 127.0.0.1:8181**User-Agent: Mozilla/5.0 (X11; Ubuntu; Linux x86_64; rv:55.0) Gecko/20100101 Firefox/55.0**Accept: text/html,application/xhtml+xml,application/xml;q=0.9,*/*;q=0.8**Accept-Language: en-US,en;q=0.5**Accept-Encoding: gzip, deflate**Connection: keep-alive**Upgrade-Insecure-Requests: 1****:8
 INFO: request:GET /foo/light.json HTTP/1.1**Host: 127.0.0.1:8181**User-Agent: Mozilla/5.0 (X11; Ubuntu; Linux x86_64; rv:55.0) Gecko/20100101 Firefox/55.0**Accept: text/html,application/xhtml+xml,application/xml;q=0.9,*/*;q=0.8**Accept-Language: en-US,en;q=0.5**Accept-Encoding: gzip, deflate**Connection: keep-alive**Upgrade-Insecure-Requests: 1****:9
 INFO: request:GET /foo/light.json HTTP/1.1**Host: 127.0.0.1:8181**User-Agent: Mozilla/5.0 (X11; Ubuntu; Linux x86_64; rv:55.0) Gecko/20100101 Firefox/55.0**Accept: text/html,application/xhtml+xml,application/xml;q=0.9,*/*;q=0.8**Accept-Language: en-US,en;q=0.5**Accept-Encoding: gzip, deflate**Connection: keep-alive**Upgrade-Insecure-Requests: 1****:10
 INFO: request:GET /foo/light.json HTTP/1.1**Host: 127.0.0.1:8181**User-Agent: Mozilla/5.0 (X11; Ubuntu; Linux x86_64; rv:55.0) Gecko/20100101 Firefox/55.0**Accept: text/html,application/xhtml+xml,application/xml;q=0.9,*/*;q=0.8**Accept-Language: en-US,en;q=0.5**Accept-Encoding: gzip, deflate**Connection: keep-alive**Upgrade-Insecure-Requests: 1****:11
 INFO: request:GET /foo/light.json HTTP/1.1**Host: 127.0.0.1:8181**User-Agent: Mozilla/5.0 (X11; Ubuntu; Linux x86_64; rv:55.0) Gecko/20100101 Firefox/55.0**Accept: text/html,application/xhtml+xml,application/xml;q=0.9,*/*;q=0.8**Accept-Language: en-US,en;q=0.5**Accept-Encoding: gzip, deflate**Connection: keep-alive**Upgrade-Insecure-Requests: 1****:12
 INFO: request:GET /foo/light.json HTTP/1.1**Host: 127.0.0.1:8181**User-Agent: Mozilla/5.0 (X11; Ubuntu; Linux x86_64; rv:55.0) Gecko/20100101 Firefox/55.0**Accept: text/html,application/xhtml+xml,application/xml;q=0.9,*/*;q=0.8**Accept-Language: en-US,en;q=0.5**Accept-Encoding: gzip, deflate**Connection: keep-alive**Upgrade-Insecure-Requests: 1****:13
 INFO: request:GET /foo/light.json HTTP/1.1**Host: 127.0.0.1:8181**User-Agent: Mozilla/5.0 (X11; Ubuntu; Linux x86_64; rv:55.0) Gecko/20100101 Firefox/55.0**Accept: text/html,application/xhtml+xml,application/xml;q=0.9,*/*;q=0.8**Accept-Language: en-US,en;q=0.5**Accept-Encoding: gzip, deflate**Connection: keep-alive**Upgrade-Insecure-Requests: 1****:14
 INFO: request:GET /foo/light.json HTTP/1.1**Host: 127.0.0.1:8181**User-Agent: Mozilla/5.0 (X11; Ubuntu; Linux x86_64; rv:55.0) Gecko/20100101 Firefox/55.0**Accept: text/html,application/xhtml+xml,application/xml;q=0.9,*/*;q=0.8**Accept-Language: en-US,en;q=0.5**Accept-Encoding: gzip, deflate**Connection: keep-alive**Upgrade-Insecure-Requests: 1****:15
 INFO: request:GET /foo/light.json HTTP/1.1**Host: 127.0.0.1:8181**User-Agent: Mozilla/5.0 (X11; Ubuntu; Linux x86_64; rv:55.0) Gecko/20100101 Firefox/55.0**Accept: text/html,application/xhtml+xml,application/xml;q=0.9,*/*;q=0.8**Accept-Language: en-US,en;q=0.5**Accept-Encoding: gzip, deflate**Connection: keep-alive**Upgrade-Insecure-Requests: 1****:16
 INFO: request:GET /foo/light.json HTTP/1.1**Host: 127.0.0.1:8181**User-Agent: Mozilla/5.0 (X11; Ubuntu; Linux x86_64; rv:55.0) Gecko/20100101 Firefox/55.0**Accept: text/html,application/xhtml+xml,application/xml;q=0.9,*/*;q=0.8**Accept-Language: en-US,en;q=0.5**Accept-Encoding: gzip, deflate**Connection: keep-alive**Upgrade-Insecure-Requests: 1****:17
 INFO: request:GET /foo/light.json HTTP/1.1**Host: 127.0.0.1:8181**User-Agent: Mozilla/5.0 (X11; Ubuntu; Linux x86_64; rv:55.0) Gecko/20100101 Firefox/55.0**Accept: text/html,application/xhtml+xml,application/xml;q=0.9,*/*;q=0.8**Accept-Language: en-US,en;q=0.5**Accept-Encoding: gzip, deflate**Connection: keep-alive**Upgrade-Insecure-Requests: 1****:18
 INFO: request:GET /foo/light.json HTTP/1.1**Host: 127.0.0.1:8181**User-Agent: Mozilla/5.0 (X11; Ubuntu; Linux x86_64; rv:55.0) Gecko/20100101 Firefox/55.0**Accept: text/html,application/xhtml+xml,application/xml;q=0.9,*/*;q=0.8**Accept-Language: en-US,en;q=0.5**Accept-Encoding: gzip, deflate**Connection: keep-alive**Upgrade-Insecure-Requests: 1****:19
 INFO: request:GET /foo/light.json HTTP/1.1**Host: 127.0.0.1:8181**User-Agent: Mozilla/5.0 (X11; Ubuntu; Linux x86_64; rv:55.0) Gecko/20100101 Firefox/55.0**Accept: text/html,application/xhtml+xml,application/xml;q=0.9,*/*;q=0.8**Accept-Language: en-US,en;q=0.5**Accept-Encoding: gzip, deflate**Connection: keep-alive**Upgrade-Insecure-Requests: 1****:20
ERROR: system call:bind Errno=98 exiting pid=14592
ERROR: system call:bind Errno=98 exiting pid=14598
 INFO: request:GET /foo/light.json HTTP/1.1**Host: 127.0.0.1:8181**User-Agent: Mozilla/5.0 (X11; Ubuntu; Linux x86_64; rv:55.0) Gecko/20100101 Firefox/55.0**Accept: text/html,application/xhtml+xml,application/xml;q=0.9,*/*;q=0.8**Accept-Language: en-US,en;q=0.5**Accept-Encoding: gzip, deflate**Connection: keep-alive**Upgrade-Insecure-Requests: 1****:1
 INFO: SEND:converted.xml:1
 INFO: Header:HTTP/1.1 200 OK
Server: nweb/23.0
Content-Length: 40
Connection: close
Content-Type: text/xml

:1
 INFO: request:GET /foo/light.json HTTP/1.1**Host: 127.0.0.1:8181**User-Agent: Mozilla/5.0 (X11; Ubuntu; Linux x86_64; rv:55.0) Gecko/20100101 Firefox/55.0**Accept: text/html,application/xhtml+xml,application/xml;q=0.9,*/*;q=0.8**Accept-Language: en-US,en;q=0.5**Accept-Encoding: gzip, deflate**Connection: keep-alive**Upgrade-Insecure-Requests: 1****:1
 INFO: SEND:converted.xml:1
 INFO: Header:HTTP/1.1 200 OK
Server: nweb/23.0
Content-Length: 64050
Connection: close
Content-Type: text/xml

:1
 INFO: request:GET /foo/light.json HTTP/1.1**Host: 127.0.0.1:8181**User-Agent: Mozilla/5.0 (X11; Ubuntu; Linux x86_64; rv:55.0) Gecko/20100101 Firefox/55.0**Accept: text/html,application/xhtml+xml,application/xml;q=0.9,*/*;q=0.8**Accept-Language: en-US,en;q=0.5**Accept-Encoding: gzip, deflate**Connection: keep-alive**Upgrade-Insecure-Requests: 1****:1
 INFO: SEND:converted.xml:1
 INFO: Header:HTTP/1.1 200 OK
Server: nweb/23.0
Content-Length: 63600
Connection: close
Content-Type: text/xml

:1
ERROR: system call:bind Errno=98 exiting pid=16521
 INFO: request:GET /foo/light.json HTTP/1.1**Host: 127.0.0.1:8181**User-Agent: Mozilla/5.0 (X11; Ubuntu; Linux x86_64; rv:55.0) Gecko/20100101 Firefox/55.0**Accept: text/html,application/xhtml+xml,application/xml;q=0.9,*/*;q=0.8**Accept-Language: en-US,en;q=0.5**Accept-Encoding: gzip, deflate**Connection: keep-alive**Upgrade-Insecure-Requests: 1****:1
 INFO: SEND:converted.xml:1
 INFO: Header:HTTP/1.1 200 OK
Server: nweb/23.0
Content-Length: 64050
Connection: close
Content-Type: text/xml

:1
 INFO: request:GET /foo/light.json HTTP/1.1**Host: 127.0.0.1:8181**User-Agent: Mozilla/5.0 (X11; Ubuntu; Linux x86_64; rv:55.0) Gecko/20100101 Firefox/55.0**Accept: text/html,application/xhtml+xml,application/xml;q=0.9,*/*;q=0.8**Accept-Language: en-US,en;q=0.5**Accept-Encoding: gzip, deflate**Connection: keep-alive**Upgrade-Insecure-Requests: 1****:2
 INFO: SEND:converted.xml:2
 INFO: Header:HTTP/1.1 200 OK
Server: nweb/23.0
Content-Length: 64050
Connection: close
Content-Type: text/xml

:2
 INFO: request:GET /foo/light.json HTTP/1.1**Host: 127.0.0.1:8181**User-Agent: Mozilla/5.0 (X11; Ubuntu; Linux x86_64; rv:55.0) Gecko/20100101 Firefox/55.0**Accept: text/html,application/xhtml+xml,application/xml;q=0.9,*/*;q=0.8**Accept-Language: en-US,en;q=0.5**Accept-Encoding: gzip, deflate**Connection: keep-alive**Upgrade-Insecure-Requests: 1****:3
 INFO: SEND:converted.xml:3
 INFO: Header:HTTP/1.1 200 OK
Server: nweb/23.0
Content-Length: 63231
Connection: close
Content-Type: text/xml

:3
